android/app/build/outputs/logs/manifest-merger-debug-report.txt
-- Merging decision tree log ---
permission#com.rethink.permission.C2D_MESSAGE
INJECTED from src/main/AndroidManifest.xml:14:5-16:47
	android:protectionLevel
		ADDED from src/main/AndroidManifest.xml:16:9-44
	android:name
		INJECTED from src/main/AndroidManifest.xml
		ADDED from src/main/AndroidManifest.xml:15:9-63
uses-permission#com.rethink.permission.C2D_MESSAGE
INJECTED from src/main/AndroidManifest.xml:18:5-79
	android:name
		INJECTED from src/main/AndroidManifest.xml
		ADDED from src/main/AndroidManifest.xml:18:22-76
category#com.rethink
INJECTED from src/main/AndroidManifest.xml:45:17-61
	android:name
		INJECTED from src/main/AndroidManifest.xml
		ADDED from src/main/AndroidManifest.xml:45:27-58
provider#android.support.v4.content.FileProvider
INJECTED from src/main/AndroidManifest.xml:104:9-114:20
MERGED from [:react-native-image-crop-picker] AndroidManifest.xml:13:9-21:20
MERGED from [:react-native-image-crop-picker] AndroidManifest.xml:13:9-21:20
	android:grantUriPermissions
		ADDED from src/main/AndroidManifest.xml:108:13-47
	android:authorities
		INJECTED from src/main/AndroidManifest.xml
		ADDED from src/main/AndroidManifest.xml:106:13-60
		REJECTED from [:react-native-image-crop-picker] AndroidManifest.xml:15:13-60
	android:exported
		ADDED from src/main/AndroidManifest.xml:107:13-37
	tools:replace
		ADDED from src/main/AndroidManifest.xml:109:13-48
	android:name
		ADDED from src/main/AndroidManifest.xml:105:13-67
manifest
ADDED from src/main/AndroidManifest.xml:1:1-119:12
INJECTED from src/main/AndroidManifest.xml:1:1-119:12
INJECTED from src/main/AndroidManifest.xml:1:1-119:12
INJECTED from src/main/AndroidManifest.xml:1:1-119:12
MERGED from [:react-native-image-crop-picker] AndroidManifest.xml:2:1-28:12
MERGED from [:react-native-wheel-picker-android] AndroidManifest.xml:2:1-11:12
MERGED from [:react-native-code-push] AndroidManifest.xml:2:1-17:12
MERGED from [:react-native-svg] AndroidManifest.xml:2:1-9:12
MERGED from [:react-native-push-notification] AndroidManifest.xml:2:1-11:12
MERGED from [com.google.android.gms:play-services-gcm:16.1.0] AndroidManifest.xml:17:1-28:12
MERGED from [:react-native-background-timer] AndroidManifest.xml:2:1-13:12
MERGED from [:react-native-share] AndroidManifest.xml:2:1-13:12
MERGED from [:react-native-view-shot] AndroidManifest.xml:2:1-11:12
MERGED from [:react-native-kakao-logins] AndroidManifest.xml:2:1-31:12
MERGED from [:react-native-fbsdk] AndroidManifest.xml:21:1-30:12
MERGED from [:react-native-vector-icons] AndroidManifest.xml:2:1-11:12
MERGED from [com.facebook.react:react-native:0.55.4] AndroidManifest.xml:2:1-15:12
MERGED from [com.github.yalantis:ucrop:2.2.2-native] AndroidManifest.xml:2:1-11:12
MERGED from [com.facebook.android:facebook-android-sdk:4.34.0] AndroidManifest.xml:21:1-31:12
MERGED from [com.facebook.android:facebook-login:4.34.0] AndroidManifest.xml:21:1-31:12
MERGED from [com.facebook.android:facebook-share:4.34.0] AndroidManifest.xml:21:1-31:12
MERGED from [com.facebook.android:facebook-common:4.34.0] AndroidManifest.xml:21:1-37:12
MERGED from [com.android.support:appcompat-v7:27.1.1] AndroidManifest.xml:17:1-22:12
MERGED from [cn.aigestudio.wheelpicker:WheelPicker:1.1.2] AndroidManifest.xml:2:1-12:12
MERGED from [me.leolin:ShortcutBadger:1.1.8] AndroidManifest.xml:2:1-41:12
MERGED from [com.google.firebase:firebase-messaging:18.0.0] AndroidManifest.xml:17:1-37:12
MERGED from [com.google.android.gms:play-services-iid:16.0.1] AndroidManifest.xml:17:1-28:12
MERGED from [com.google.firebase:firebase-iid:18.0.0] AndroidManifest.xml:17:1-47:12
MERGED from [com.google.firebase:firebase-iid-interop:16.0.1] AndroidManifest.xml:2:1-10:12
MERGED from [com.google.android.gms:play-services-base:16.0.1] AndroidManifest.xml:17:1-29:12
MERGED from [com.google.android.gms:play-services-stats:16.0.1] AndroidManifest.xml:2:1-9:12
MERGED from [com.google.firebase:firebase-common:17.0.0] AndroidManifest.xml:2:1-19:12
MERGED from [com.google.android.gms:play-services-tasks:16.0.1] AndroidManifest.xml:2:1-9:12
MERGED from [com.google.firebase:firebase-measurement-connector:17.0.1] AndroidManifest.xml:17:1-25:12
MERGED from [com.google.android.gms:play-services-basement:16.0.1] AndroidManifest.xml:17:1-28:12
MERGED from [com.android.support:support-v4:27.1.1] AndroidManifest.xml:17:1-22:12
MERGED from [com.kakao.sdk:usermgmt:1.15.1] AndroidManifest.xml:2:1-14:12
MERGED from [com.kakao.sdk:auth:1.15.1] AndroidManifest.xml:2:1-22:12
MERGED from [com.android.support:support-fragment:27.1.1] AndroidManifest.xml:17:1-22:12
MERGED from [com.android.support:animated-vector-drawable:27.1.1] AndroidManifest.xml:17:1-22:12
MERGED from [com.android.support:support-core-ui:27.1.1] AndroidManifest.xml:17:1-22:12
MERGED from [com.facebook.android:facebook-places:4.34.0] AndroidManifest.xml:21:1-31:12
MERGED from [com.facebook.android:facebook-applinks:4.34.0] AndroidManifest.xml:21:1-31:12
MERGED from [com.facebook.android:facebook-messenger:4.34.0] AndroidManifest.xml:21:1-31:12
MERGED from [com.facebook.android:facebook-marketing:4.34.0] AndroidManifest.xml:21:1-35:12
MERGED from [com.facebook.android:facebook-core:4.34.0] AndroidManifest.xml:21:1-53:12
MERGED from [com.android.support:support-core-utils:27.1.1] AndroidManifest.xml:17:1-22:12
MERGED from [com.android.support:support-vector-drawable:27.1.1] AndroidManifest.xml:17:1-22:12
MERGED from [com.android.support:support-media-compat:27.1.1] AndroidManifest.xml:17:1-22:12
MERGED from [com.android.support:customtabs:27.0.2] AndroidManifest.xml:17:1-22:12
MERGED from [com.android.support:support-compat:27.1.1] AndroidManifest.xml:17:1-22:12
MERGED from [com.android.support:cardview-v7:27.0.2] AndroidManifest.xml:17:1-22:12
MERGED from [com.kakao.sdk:network:1.15.1] AndroidManifest.xml:2:1-11:12
MERGED from [com.kakao.sdk:common:1.15.1] AndroidManifest.xml:2:1-11:12
MERGED from [com.facebook.fbui.textlayoutbuilder:textlayoutbuilder:1.0.0] AndroidManifest.xml:10:1-18:12
MERGED from [com.facebook.fresco:fresco:1.3.0] AndroidManifest.xml:2:1-9:12
MERGED from [com.facebook.fresco:imagepipeline-okhttp3:1.3.0] AndroidManifest.xml:2:1-9:12
MERGED from [com.facebook.soloader:soloader:0.1.0] AndroidManifest.xml:1:1-4:12
MERGED from [org.webkit:android-jsc:r174650] AndroidManifest.xml:1:1-3:12
MERGED from [android.arch.lifecycle:livedata-core:1.1.0] AndroidManifest.xml:17:1-22:12
MERGED from [android.arch.lifecycle:viewmodel:1.1.0] AndroidManifest.xml:17:1-22:12
MERGED from [com.facebook.fresco:drawee:1.3.0] AndroidManifest.xml:2:1-9:12
MERGED from [com.facebook.fresco:imagepipeline:1.3.0] AndroidManifest.xml:2:1-9:12
MERGED from [com.facebook.fresco:imagepipeline-base:1.3.0] AndroidManifest.xml:2:1-9:12
MERGED from [com.facebook.fresco:fbcore:1.3.0] AndroidManifest.xml:2:1-9:12
MERGED from [android.arch.lifecycle:runtime:1.1.0] AndroidManifest.xml:17:1-22:12
MERGED from [android.arch.core:runtime:1.1.0] AndroidManifest.xml:17:1-22:12
MERGED from [com.kakao.sdk:util:1.15.1] AndroidManifest.xml:2:1-14:12
INJECTED from src/main/AndroidManifest.xml:1:1-119:12
INJECTED from src/main/AndroidManifest.xml:1:1-119:12
INJECTED from src/main/AndroidManifest.xml:1:1-119:12
	package
		ADDED from src/main/AndroidManifest.xml:2:5-26
		INJECTED from src/main/AndroidManifest.xml
		INJECTED from src/main/AndroidManifest.xml
	android:versionName
		ADDED from src/main/AndroidManifest.xml:5:5-30
		INJECTED from src/main/AndroidManifest.xml
		INJECTED from src/main/AndroidManifest.xml
	xmlns:tools
		ADDED from src/main/AndroidManifest.xml:3:5-51
	xmlns:android
		ADDED from src/main/AndroidManifest.xml:1:11-69
	android:versionCode
		ADDED from src/main/AndroidManifest.xml:4:5-28
		INJECTED from src/main/AndroidManifest.xml
		INJECTED from src/main/AndroidManifest.xml
uses-permission#android.permission.INTERNET
ADDED from src/main/AndroidManifest.xml:7:5-67
MERGED from [:react-native-code-push] AndroidManifest.xml:11:5-67
MERGED from [:react-native-code-push] AndroidManifest.xml:11:5-67
MERGED from [com.google.android.gms:play-services-gcm:16.1.0] AndroidManifest.xml:24:5-67
MERGED from [com.google.android.gms:play-services-gcm:16.1.0] AndroidManifest.xml:24:5-67
MERGED from [:react-native-kakao-logins] AndroidManifest.xml:11:5-67
MERGED from [:react-native-kakao-logins] AndroidManifest.xml:11:5-67
MERGED from [com.google.android.gms:play-services-iid:16.0.1] AndroidManifest.xml:24:5-67
MERGED from [com.google.android.gms:play-services-iid:16.0.1] AndroidManifest.xml:24:5-67
MERGED from [com.google.firebase:firebase-iid:18.0.0] AndroidManifest.xml:23:5-67
MERGED from [com.google.firebase:firebase-iid:18.0.0] AndroidManifest.xml:23:5-67
	android:name
		ADDED from src/main/AndroidManifest.xml:7:22-64
uses-permission#android.permission.SYSTEM_ALERT_WINDOW
ADDED from src/main/AndroidManifest.xml:8:5-78
MERGED from [com.facebook.react:react-native:0.55.4] AndroidManifest.xml:11:5-78
MERGED from [com.facebook.react:react-native:0.55.4] AndroidManifest.xml:11:5-78
	android:name
		ADDED from src/main/AndroidManifest.xml:8:22-75
uses-permission#android.permission.CAMERA
ADDED from src/main/AndroidManifest.xml:9:5-65
	android:name
		ADDED from src/main/AndroidManifest.xml:9:22-62
uses-permission#android.permission.WRITE_EXTERNAL_STORAGE
ADDED from src/main/AndroidManifest.xml:10:5-81
MERGED from [:react-native-image-crop-picker] AndroidManifest.xml:10:5-81
MERGED from [:react-native-image-crop-picker] AndroidManifest.xml:10:5-81
MERGED from [:react-native-share] AndroidManifest.xml:11:5-81
MERGED from [:react-native-share] AndroidManifest.xml:11:5-81
	android:name
		ADDED from src/main/AndroidManifest.xml:10:22-78
uses-permission#android.permission.WAKE_LOCK
ADDED from src/main/AndroidManifest.xml:13:5-68
MERGED from [:react-native-background-timer] AndroidManifest.xml:11:5-68
MERGED from [:react-native-background-timer] AndroidManifest.xml:11:5-68
MERGED from [com.google.firebase:firebase-iid:18.0.0] AndroidManifest.xml:24:5-68
MERGED from [com.google.firebase:firebase-iid:18.0.0] AndroidManifest.xml:24:5-68
	android:name
		ADDED from src/main/AndroidManifest.xml:13:22-65
uses-permission#android.permission.VIBRATE
ADDED from src/main/AndroidManifest.xml:19:5-66
	android:name
		ADDED from src/main/AndroidManifest.xml:19:22-63
uses-permission#android.permission.RECEIVE_BOOT_COMPLETED
ADDED from src/main/AndroidManifest.xml:20:5-81
	android:name
		ADDED from src/main/AndroidManifest.xml:20:22-78
uses-permission#android.permission.ACCESS_FINE_LOCATION
ADDED from src/main/AndroidManifest.xml:21:5-79
	android:name
		ADDED from src/main/AndroidManifest.xml:21:22-76
application
ADDED from src/main/AndroidManifest.xml:23:5-117:19
MERGED from [:react-native-image-crop-picker] AndroidManifest.xml:12:5-26:19
MERGED from [:react-native-image-crop-picker] AndroidManifest.xml:12:5-26:19
MERGED from [:react-native-code-push] AndroidManifest.xml:13:5-15:19
MERGED from [:react-native-code-push] AndroidManifest.xml:13:5-15:19
MERGED from [com.google.android.gms:play-services-gcm:16.1.0] AndroidManifest.xml:26:5-20
MERGED from [com.google.android.gms:play-services-gcm:16.1.0] AndroidManifest.xml:26:5-20
MERGED from [:react-native-kakao-logins] AndroidManifest.xml:13:5-29:19
MERGED from [:react-native-kakao-logins] AndroidManifest.xml:13:5-29:19
MERGED from [:react-native-fbsdk] AndroidManifest.xml:28:5-20
MERGED from [:react-native-fbsdk] AndroidManifest.xml:28:5-20
MERGED from [com.facebook.react:react-native:0.55.4] AndroidManifest.xml:13:5-20
MERGED from [com.facebook.react:react-native:0.55.4] AndroidManifest.xml:13:5-20
MERGED from [com.facebook.android:facebook-android-sdk:4.34.0] AndroidManifest.xml:28:5-29:19
MERGED from [com.facebook.android:facebook-android-sdk:4.34.0] AndroidManifest.xml:28:5-29:19
MERGED from [com.facebook.android:facebook-login:4.34.0] AndroidManifest.xml:28:5-29:19
MERGED from [com.facebook.android:facebook-login:4.34.0] AndroidManifest.xml:28:5-29:19
MERGED from [com.facebook.android:facebook-share:4.34.0] AndroidManifest.xml:28:5-29:19
MERGED from [com.facebook.android:facebook-share:4.34.0] AndroidManifest.xml:28:5-29:19
MERGED from [com.facebook.android:facebook-common:4.34.0] AndroidManifest.xml:28:5-35:19
MERGED from [com.facebook.android:facebook-common:4.34.0] AndroidManifest.xml:28:5-35:19
MERGED from [com.google.firebase:firebase-messaging:18.0.0] AndroidManifest.xml:22:5-35:19
MERGED from [com.google.firebase:firebase-messaging:18.0.0] AndroidManifest.xml:22:5-35:19
MERGED from [com.google.android.gms:play-services-iid:16.0.1] AndroidManifest.xml:26:5-20
MERGED from [com.google.android.gms:play-services-iid:16.0.1] AndroidManifest.xml:26:5-20
MERGED from [com.google.firebase:firebase-iid:18.0.0] AndroidManifest.xml:28:5-45:19
MERGED from [com.google.firebase:firebase-iid:18.0.0] AndroidManifest.xml:28:5-45:19
MERGED from [com.google.firebase:firebase-iid-interop:16.0.1] AndroidManifest.xml:7:5-8:19
MERGED from [com.google.firebase:firebase-iid-interop:16.0.1] AndroidManifest.xml:7:5-8:19
MERGED from [com.google.android.gms:play-services-base:16.0.1] AndroidManifest.xml:22:5-27:19
MERGED from [com.google.android.gms:play-services-base:16.0.1] AndroidManifest.xml:22:5-27:19
MERGED from [com.google.android.gms:play-services-stats:16.0.1] AndroidManifest.xml:7:5-20
MERGED from [com.google.android.gms:play-services-stats:16.0.1] AndroidManifest.xml:7:5-20
MERGED from [com.google.firebase:firebase-common:17.0.0] AndroidManifest.xml:11:5-17:19
MERGED from [com.google.firebase:firebase-common:17.0.0] AndroidManifest.xml:11:5-17:19
MERGED from [com.google.android.gms:play-services-tasks:16.0.1] AndroidManifest.xml:7:5-20
MERGED from [com.google.android.gms:play-services-tasks:16.0.1] AndroidManifest.xml:7:5-20
MERGED from [com.google.firebase:firebase-measurement-connector:17.0.1] AndroidManifest.xml:22:5-23:19
MERGED from [com.google.firebase:firebase-measurement-connector:17.0.1] AndroidManifest.xml:22:5-23:19
MERGED from [com.google.android.gms:play-services-basement:16.0.1] AndroidManifest.xml:22:5-26:19
MERGED from [com.google.android.gms:play-services-basement:16.0.1] AndroidManifest.xml:22:5-26:19
MERGED from [com.kakao.sdk:auth:1.15.1] AndroidManifest.xml:11:5-20:19
MERGED from [com.kakao.sdk:auth:1.15.1] AndroidManifest.xml:11:5-20:19
MERGED from [com.facebook.android:facebook-places:4.34.0] AndroidManifest.xml:28:5-29:19
MERGED from [com.facebook.android:facebook-places:4.34.0] AndroidManifest.xml:28:5-29:19
MERGED from [com.facebook.android:facebook-applinks:4.34.0] AndroidManifest.xml:28:5-29:19
MERGED from [com.facebook.android:facebook-applinks:4.34.0] AndroidManifest.xml:28:5-29:19
MERGED from [com.facebook.android:facebook-messenger:4.34.0] AndroidManifest.xml:28:5-29:19
MERGED from [com.facebook.android:facebook-messenger:4.34.0] AndroidManifest.xml:28:5-29:19
MERGED from [com.facebook.android:facebook-marketing:4.34.0] AndroidManifest.xml:28:5-33:19
MERGED from [com.facebook.android:facebook-marketing:4.34.0] AndroidManifest.xml:28:5-33:19
MERGED from [com.facebook.android:facebook-core:4.34.0] AndroidManifest.xml:28:5-51:19
MERGED from [com.facebook.android:facebook-core:4.34.0] AndroidManifest.xml:28:5-51:19
MERGED from [com.facebook.soloader:soloader:0.1.0] AndroidManifest.xml:3:3-17
MERGED from [com.facebook.soloader:soloader:0.1.0] AndroidManifest.xml:3:3-17
MERGED from [org.webkit:android-jsc:r174650] AndroidManifest.xml:2:3-17
MERGED from [org.webkit:android-jsc:r174650] AndroidManifest.xml:2:3-17
	android:supportsRtl
		ADDED from [:react-native-kakao-logins] AndroidManifest.xml:15:9-35
	android:label
		ADDED from src/main/AndroidManifest.xml:27:9-41
	android:icon
		ADDED from src/main/AndroidManifest.xml:26:9-43
	android:allowBackup
		ADDED from src/main/AndroidManifest.xml:25:9-35
	android:theme
		ADDED from src/main/AndroidManifest.xml:28:9-40
	android:name
		ADDED from src/main/AndroidManifest.xml:24:9-40
meta-data#com.dieam.reactnativepushnotification.notification_channel_name
ADDED from src/main/AndroidManifest.xml:30:9-31:38
	android:value
		ADDED from src/main/AndroidManifest.xml:31:13-36
	android:name
		ADDED from src/main/AndroidManifest.xml:30:21-99
meta-data#com.dieam.reactnativepushnotification.notification_channel_description
ADDED from src/main/AndroidManifest.xml:32:9-33:38
	android:value
		ADDED from src/main/AndroidManifest.xml:33:13-36
	android:name
		ADDED from src/main/AndroidManifest.xml:32:21-106
meta-data#com.dieam.reactnativepushnotification.notification_color
ADDED from src/main/AndroidManifest.xml:35:9-36:54
	android:resource
		ADDED from src/main/AndroidManifest.xml:36:13-52
	android:name
		ADDED from src/main/AndroidManifest.xml:35:21-92
receiver#com.google.android.gms.gcm.GcmReceiver
ADDED from src/main/AndroidManifest.xml:39:9-47:20
	android:exported
		ADDED from src/main/AndroidManifest.xml:41:13-36
	android:permission
		ADDED from src/main/AndroidManifest.xml:42:13-73
	android:name
		ADDED from src/main/AndroidManifest.xml:40:13-66
intent-filter#action:name:com.google.android.c2dm.intent.RECEIVE+category:name:com.rethink
ADDED from src/main/AndroidManifest.xml:43:13-46:29
action#com.google.android.c2dm.intent.RECEIVE
ADDED from src/main/AndroidManifest.xml:44:17-81
	android:name
		ADDED from src/main/AndroidManifest.xml:44:25-78
receiver#com.dieam.reactnativepushnotification.modules.RNPushNotificationPublisher
ADDED from src/main/AndroidManifest.xml:50:9-110
	android:name
		ADDED from src/main/AndroidManifest.xml:50:19-107
receiver#com.dieam.reactnativepushnotification.modules.RNPushNotificationBootEventReceiver
ADDED from src/main/AndroidManifest.xml:51:9-55:20
	android:name
		ADDED from src/main/AndroidManifest.xml:51:19-115
intent-filter#action:name:android.intent.action.BOOT_COMPLETED
ADDED from src/main/AndroidManifest.xml:52:13-54:29
action#android.intent.action.BOOT_COMPLETED
ADDED from src/main/AndroidManifest.xml:53:17-79
	android:name
		ADDED from src/main/AndroidManifest.xml:53:25-76
service#com.dieam.reactnativepushnotification.modules.RNPushNotificationRegistrationService
ADDED from src/main/AndroidManifest.xml:56:9-118
	android:name
		ADDED from src/main/AndroidManifest.xml:56:18-116
service#com.dieam.reactnativepushnotification.modules.RNPushNotificationListenerServiceGcm
ADDED from src/main/AndroidManifest.xml:59:9-65:19
	android:exported
		ADDED from src/main/AndroidManifest.xml:61:13-37
	android:name
		ADDED from src/main/AndroidManifest.xml:60:13-110
intent-filter#action:name:com.google.android.c2dm.intent.RECEIVE
ADDED from src/main/AndroidManifest.xml:62:13-64:29
activity#com.rethink.MainActivity
ADDED from src/main/AndroidManifest.xml:68:9-94:20
	android:label
		ADDED from src/main/AndroidManifest.xml:71:13-45
	android:launchMode
		ADDED from src/main/AndroidManifest.xml:72:13-43
	android:configChanges
		ADDED from src/main/AndroidManifest.xml:70:13-83
	android:name
		ADDED from src/main/AndroidManifest.xml:69:13-41
intent-filter#action:name:android.intent.action.MAIN+category:name:android.intent.category.LAUNCHER
ADDED from src/main/AndroidManifest.xml:73:13-76:29
action#android.intent.action.MAIN
ADDED from src/main/AndroidManifest.xml:74:17-69
	android:name
		ADDED from src/main/AndroidManifest.xml:74:25-66
category#android.intent.category.LAUNCHER
ADDED from src/main/AndroidManifest.xml:75:17-77
	android:name
		ADDED from src/main/AndroidManifest.xml:75:27-74
intent-filter#action:name:android.intent.action.VIEW+category:name:android.intent.category.BROWSABLE+category:name:android.intent.category.DEFAULT+data:host:45.76.55.157+data:host:45.76.55.157+data:pathPrefix:/deep-linking/reset-password+data:pathPrefix:/deep-linking/timetable+data:scheme:http+data:scheme:http
ADDED from src/main/AndroidManifest.xml:78:13-92:29
action#android.intent.action.VIEW
ADDED from src/main/AndroidManifest.xml:79:17-69
	android:name
		ADDED from src/main/AndroidManifest.xml:79:25-66
category#android.intent.category.DEFAULT
ADDED from src/main/AndroidManifest.xml:81:17-76
	android:name
		ADDED from src/main/AndroidManifest.xml:81:27-73
category#android.intent.category.BROWSABLE
ADDED from src/main/AndroidManifest.xml:82:17-78
	android:name
		ADDED from src/main/AndroidManifest.xml:82:27-75
data
ADDED from src/main/AndroidManifest.xml:84:17-87:45
	android:host
		ADDED from src/main/AndroidManifest.xml:85:21-48
	android:scheme
		ADDED from src/main/AndroidManifest.xml:87:21-42
	android:pathPrefix
		ADDED from src/main/AndroidManifest.xml:86:21-65
activity#com.facebook.react.devsupport.DevSettingsActivity
ADDED from src/main/AndroidManifest.xml:95:9-86
MERGED from [:react-native-code-push] AndroidManifest.xml:14:9-86
MERGED from [:react-native-code-push] AndroidManifest.xml:14:9-86
	android:name
		ADDED from src/main/AndroidManifest.xml:95:19-83
meta-data#com.facebook.sdk.ApplicationId
ADDED from src/main/AndroidManifest.xml:97:9-99:55
	android:value
		ADDED from src/main/AndroidManifest.xml:99:13-52
	android:name
		ADDED from src/main/AndroidManifest.xml:98:13-58
meta-data#com.kakao.sdk.AppKey
ADDED from src/main/AndroidManifest.xml:100:9-102:53
MERGED from [:react-native-kakao-logins] AndroidManifest.xml:19:9-21:53
MERGED from [:react-native-kakao-logins] AndroidManifest.xml:19:9-21:53
	android:value
		ADDED from src/main/AndroidManifest.xml:102:13-50
	android:name
		ADDED from src/main/AndroidManifest.xml:101:13-48
uses-sdk
INJECTED from src/main/AndroidManifest.xml reason: use-sdk injection requested
INJECTED from src/main/AndroidManifest.xml
INJECTED from src/main/AndroidManifest.xml
MERGED from [:react-native-image-crop-picker] AndroidManifest.xml:6:5-8:41
MERGED from [:react-native-image-crop-picker] AndroidManifest.xml:6:5-8:41
MERGED from [:react-native-wheel-picker-android] AndroidManifest.xml:7:5-9:41
MERGED from [:react-native-wheel-picker-android] AndroidManifest.xml:7:5-9:41
MERGED from [:react-native-code-push] AndroidManifest.xml:7:5-9:41
MERGED from [:react-native-code-push] AndroidManifest.xml:7:5-9:41
MERGED from [:react-native-svg] AndroidManifest.xml:5:5-7:41
MERGED from [:react-native-svg] AndroidManifest.xml:5:5-7:41
MERGED from [:react-native-push-notification] AndroidManifest.xml:7:5-9:41
MERGED from [:react-native-push-notification] AndroidManifest.xml:7:5-9:41
MERGED from [com.google.android.gms:play-services-gcm:16.1.0] AndroidManifest.xml:20:5-44
MERGED from [com.google.android.gms:play-services-gcm:16.1.0] AndroidManifest.xml:20:5-44
MERGED from [:react-native-background-timer] AndroidManifest.xml:7:5-9:41
MERGED from [:react-native-background-timer] AndroidManifest.xml:7:5-9:41
MERGED from [:react-native-share] AndroidManifest.xml:7:5-9:41
MERGED from [:react-native-share] AndroidManifest.xml:7:5-9:41
MERGED from [:react-native-view-shot] AndroidManifest.xml:7:5-9:41
MERGED from [:react-native-view-shot] AndroidManifest.xml:7:5-9:41
MERGED from [:react-native-kakao-logins] AndroidManifest.xml:7:5-9:41
MERGED from [:react-native-kakao-logins] AndroidManifest.xml:7:5-9:41
MERGED from [:react-native-fbsdk] AndroidManifest.xml:24:5-26:41
MERGED from [:react-native-fbsdk] AndroidManifest.xml:24:5-26:41
MERGED from [:react-native-vector-icons] AndroidManifest.xml:7:5-9:41
MERGED from [:react-native-vector-icons] AndroidManifest.xml:7:5-9:41
MERGED from [com.facebook.react:react-native:0.55.4] AndroidManifest.xml:7:5-9:41
MERGED from [com.facebook.react:react-native:0.55.4] AndroidManifest.xml:7:5-9:41
MERGED from [com.github.yalantis:ucrop:2.2.2-native] AndroidManifest.xml:7:5-9:41
MERGED from [com.github.yalantis:ucrop:2.2.2-native] AndroidManifest.xml:7:5-9:41
MERGED from [com.facebook.android:facebook-android-sdk:4.34.0] AndroidManifest.xml:24:5-26:41
MERGED from [com.facebook.android:facebook-android-sdk:4.34.0] AndroidManifest.xml:24:5-26:41
MERGED from [com.facebook.android:facebook-login:4.34.0] AndroidManifest.xml:24:5-26:41
MERGED from [com.facebook.android:facebook-login:4.34.0] AndroidManifest.xml:24:5-26:41
MERGED from [com.facebook.android:facebook-share:4.34.0] AndroidManifest.xml:24:5-26:41
MERGED from [com.facebook.android:facebook-share:4.34.0] AndroidManifest.xml:24:5-26:41
MERGED from [com.facebook.android:facebook-common:4.34.0] AndroidManifest.xml:24:5-26:41
MERGED from [com.facebook.android:facebook-common:4.34.0] AndroidManifest.xml:24:5-26:41
MERGED from [com.android.support:appcompat-v7:27.1.1] AndroidManifest.xml:20:5-44
MERGED from [com.android.support:appcompat-v7:27.1.1] AndroidManifest.xml:20:5-44
MERGED from [cn.aigestudio.wheelpicker:WheelPicker:1.1.2] AndroidManifest.xml:8:5-10:41
MERGED from [cn.aigestudio.wheelpicker:WheelPicker:1.1.2] AndroidManifest.xml:8:5-10:41
MERGED from [me.leolin:ShortcutBadger:1.1.8] AndroidManifest.xml:7:5-9:41
MERGED from [me.leolin:ShortcutBadger:1.1.8] AndroidManifest.xml:7:5-9:41
MERGED from [com.google.firebase:firebase-messaging:18.0.0] AndroidManifest.xml:20:5-44
MERGED from [com.google.firebase:firebase-messaging:18.0.0] AndroidManifest.xml:20:5-44
MERGED from [com.google.android.gms:play-services-iid:16.0.1] AndroidManifest.xml:20:5-44
MERGED from [com.google.android.gms:play-services-iid:16.0.1] AndroidManifest.xml:20:5-44
MERGED from [com.google.firebase:firebase-iid:18.0.0] AndroidManifest.xml:20:5-44
MERGED from [com.google.firebase:firebase-iid:18.0.0] AndroidManifest.xml:20:5-44
MERGED from [com.google.firebase:firebase-iid-interop:16.0.1] AndroidManifest.xml:5:5-44
MERGED from [com.google.firebase:firebase-iid-interop:16.0.1] AndroidManifest.xml:5:5-44
MERGED from [com.google.android.gms:play-services-base:16.0.1] AndroidManifest.xml:20:5-44
MERGED from [com.google.android.gms:play-services-base:16.0.1] AndroidManifest.xml:20:5-44
MERGED from [com.google.android.gms:play-services-stats:16.0.1] AndroidManifest.xml:5:5-44
MERGED from [com.google.android.gms:play-services-stats:16.0.1] AndroidManifest.xml:5:5-44
MERGED from [com.google.firebase:firebase-common:17.0.0] AndroidManifest.xml:6:5-8:41
MERGED from [com.google.firebase:firebase-common:17.0.0] AndroidManifest.xml:6:5-8:41
MERGED from [com.google.android.gms:play-services-tasks:16.0.1] AndroidManifest.xml:5:5-44
MERGED from [com.google.android.gms:play-services-tasks:16.0.1] AndroidManifest.xml:5:5-44
MERGED from [com.google.firebase:firebase-measurement-connector:17.0.1] AndroidManifest.xml:20:5-44
MERGED from [com.google.firebase:firebase-measurement-connector:17.0.1] AndroidManifest.xml:20:5-44
MERGED from [com.google.android.gms:play-services-basement:16.0.1] AndroidManifest.xml:20:5-44
MERGED from [com.google.android.gms:play-services-basement:16.0.1] AndroidManifest.xml:20:5-44
MERGED from [com.android.support:support-v4:27.1.1] AndroidManifest.xml:20:5-44
MERGED from [com.android.support:support-v4:27.1.1] AndroidManifest.xml:20:5-44
MERGED from [com.kakao.sdk:usermgmt:1.15.1] AndroidManifest.xml:10:5-12:41
MERGED from [com.kakao.sdk:usermgmt:1.15.1] AndroidManifest.xml:10:5-12:41
MERGED from [com.kakao.sdk:auth:1.15.1] AndroidManifest.xml:7:5-9:41
MERGED from [com.kakao.sdk:auth:1.15.1] AndroidManifest.xml:7:5-9:41
MERGED from [com.android.support:support-fragment:27.1.1] AndroidManifest.xml:20:5-44
MERGED from [com.android.support:support-fragment:27.1.1] AndroidManifest.xml:20:5-44
MERGED from [com.android.support:animated-vector-drawable:27.1.1] AndroidManifest.xml:20:5-44
MERGED from [com.android.support:animated-vector-drawable:27.1.1] AndroidManifest.xml:20:5-44
MERGED from [com.android.support:support-core-ui:27.1.1] AndroidManifest.xml:20:5-44
MERGED from [com.android.support:support-core-ui:27.1.1] AndroidManifest.xml:20:5-44
MERGED from [com.facebook.android:facebook-places:4.34.0] AndroidManifest.xml:24:5-26:41
MERGED from [com.facebook.android:facebook-places:4.34.0] AndroidManifest.xml:24:5-26:41
MERGED from [com.facebook.android:facebook-applinks:4.34.0] AndroidManifest.xml:24:5-26:41
MERGED from [com.facebook.android:facebook-applinks:4.34.0] AndroidManifest.xml:24:5-26:41
MERGED from [com.facebook.android:facebook-messenger:4.34.0] AndroidManifest.xml:24:5-26:41
MERGED from [com.facebook.android:facebook-messenger:4.34.0] AndroidManifest.xml:24:5-26:41
MERGED from [com.facebook.android:facebook-marketing:4.34.0] AndroidManifest.xml:24:5-26:41
MERGED from [com.facebook.android:facebook-marketing:4.34.0] AndroidManifest.xml:24:5-26:41
MERGED from [com.facebook.android:facebook-core:4.34.0] AndroidManifest.xml:24:5-26:41
MERGED from [com.facebook.android:facebook-core:4.34.0] AndroidManifest.xml:24:5-26:41
MERGED from [com.android.support:support-core-utils:27.1.1] AndroidManifest.xml:20:5-44
MERGED from [com.android.support:support-core-utils:27.1.1] AndroidManifest.xml:20:5-44
MERGED from [com.android.support:support-vector-drawable:27.1.1] AndroidManifest.xml:20:5-44
MERGED from [com.android.support:support-vector-drawable:27.1.1] AndroidManifest.xml:20:5-44
MERGED from [com.android.support:support-media-compat:27.1.1] AndroidManifest.xml:20:5-44
MERGED from [com.android.support:support-media-compat:27.1.1] AndroidManifest.xml:20:5-44
MERGED from [com.android.support:customtabs:27.0.2] AndroidManifest.xml:20:5-44
MERGED from [com.android.support:customtabs:27.0.2] AndroidManifest.xml:20:5-44
MERGED from [com.android.support:support-compat:27.1.1] AndroidManifest.xml:20:5-44
MERGED from [com.android.support:support-compat:27.1.1] AndroidManifest.xml:20:5-44
MERGED from [com.android.support:cardview-v7:27.0.2] AndroidManifest.xml:20:5-44
MERGED from [com.android.support:cardview-v7:27.0.2] AndroidManifest.xml:20:5-44
MERGED from [com.kakao.sdk:network:1.15.1] AndroidManifest.xml:7:5-9:41
MERGED from [com.kakao.sdk:network:1.15.1] AndroidManifest.xml:7:5-9:41
MERGED from [com.kakao.sdk:common:1.15.1] AndroidManifest.xml:7:5-9:41
MERGED from [com.kakao.sdk:common:1.15.1] AndroidManifest.xml:7:5-9:41
MERGED from [com.facebook.fbui.textlayoutbuilder:textlayoutbuilder:1.0.0] AndroidManifest.xml:14:5-16:41
MERGED from [com.facebook.fbui.textlayoutbuilder:textlayoutbuilder:1.0.0] AndroidManifest.xml:14:5-16:41